
> aiwithruhul-next@0.1.0 build
> next build

▲ Next.js 16.1.6 (Turbopack)

  Creating an optimized production build ...
✓ Compiled successfully in 2.9s
  Running TypeScript ...
  Collecting page data using 15 workers ...
  Generating static pages using 15 workers (0/7) ...
  Generating static pages using 15 workers (1/7) 
  Generating static pages using 15 workers (3/7) 
  Generating static pages using 15 workers (5/7) 
✓ Generating static pages using 15 workers (7/7) in 807.0ms
  Finalizing page optimization ...

Route (app)
┌ ○ /
├ ○ /_not-found
└ ● /posts/[slug]
  ├ /posts/first-post
  ├ /posts/paged-attention-er-jadu
  └ /posts/second-post


○  (Static)  prerendered as static content
●  (SSG)     prerendered as static HTML (uses generateStaticParams)

